build/app/intermediates/manifest_merge_blame_file/release/manifest-merger-blame-release-report.txt
1<?xml version="1.0" encoding="utf-8"?>
2<manifest xmlns:android="http://schemas.android.com/apk/res/android"
3    package="com.example.game_template"
4    android:versionCode="1"
5    android:versionName="1.0.0" >
6
7    <uses-sdk
8        android:minSdkVersion="21"
8-->src/main/AndroidManifest.xml
9        android:targetSdkVersion="31" />
9-->src/main/AndroidManifest.xml
10
11    <uses-permission android:name="android.permission.INTERNET" />
11-->[:google_mobile_ads] AndroidManifest.xml:9:5-67
11-->[:google_mobile_ads] AndroidManifest.xml:9:22-64
12    <uses-permission android:name="android.permission.ACCESS_NETWORK_STATE" />
12-->[com.google.firebase:firebase-installations:17.1.0] AndroidManifest.xml:9:5-79
12-->[com.google.firebase:firebase-installations:17.1.0] AndroidManifest.xml:9:22-76
13    <uses-permission android:name="com.google.android.gms.permission.AD_ID" /> <!-- Android package visibility setting -->
13-->[com.google.android.gms:play-services-ads-lite:21.3.0] AndroidManifest.xml:25:5-79
13-->[com.google.android.gms:play-services-ads-lite:21.3.0] AndroidManifest.xml:25:22-76
14    <queries>
14-->[com.google.android.gms:play-services-ads-lite:21.3.0] AndroidManifest.xml:28:5-44:15
15
16        <!-- For browser content -->
17        <intent>
17-->[com.google.android.gms:play-services-ads-lite:21.3.0] AndroidManifest.xml:31:9-37:18
18            <action android:name="android.intent.action.VIEW" />
18-->[com.google.android.gms:play-services-ads-lite:21.3.0] AndroidManifest.xml:32:13-65
18-->[com.google.android.gms:play-services-ads-lite:21.3.0] AndroidManifest.xml:32:21-62
19
20            <category android:name="android.intent.category.BROWSABLE" />
20-->[com.google.android.gms:play-services-ads-lite:21.3.0] AndroidManifest.xml:34:13-74
20-->[com.google.android.gms:play-services-ads-lite:21.3.0] AndroidManifest.xml:34:23-71
21
22            <data android:scheme="https" />
22-->[com.google.android.gms:play-services-ads-lite:21.3.0] AndroidManifest.xml:36:13-44
22-->[com.google.android.gms:play-services-ads-lite:21.3.0] AndroidManifest.xml:36:19-41
23        </intent>
24        <!-- End of browser content -->
25        <!-- For CustomTabsService -->
26        <intent>
26-->[com.google.android.gms:play-services-ads-lite:21.3.0] AndroidManifest.xml:40:9-42:18
27            <action android:name="android.support.customtabs.action.CustomTabsService" />
27-->[com.google.android.gms:play-services-ads-lite:21.3.0] AndroidManifest.xml:41:13-90
27-->[com.google.android.gms:play-services-ads-lite:21.3.0] AndroidManifest.xml:41:21-87
28        </intent>
29        <!-- End of CustomTabsService -->
30    </queries>
31
32    <uses-permission android:name="android.permission.WAKE_LOCK" />
32-->[com.google.android.gms:play-services-measurement-sdk-api:20.1.2] AndroidManifest.xml:25:5-68
32-->[com.google.android.gms:play-services-measurement-sdk-api:20.1.2] AndroidManifest.xml:25:22-65
33    <uses-permission android:name="android.permission.RECEIVE_BOOT_COMPLETED" />
33-->[androidx.work:work-runtime:2.7.0] AndroidManifest.xml:27:5-81
33-->[androidx.work:work-runtime:2.7.0] AndroidManifest.xml:27:22-78
34    <uses-permission android:name="android.permission.FOREGROUND_SERVICE" />
34-->[androidx.work:work-runtime:2.7.0] AndroidManifest.xml:28:5-77
34-->[androidx.work:work-runtime:2.7.0] AndroidManifest.xml:28:22-74
35    <uses-permission android:name="com.android.vending.BILLING" />
35-->[com.android.billingclient:billing:5.0.0] AndroidManifest.xml:10:5-67
35-->[com.android.billingclient:billing:5.0.0] AndroidManifest.xml:10:22-64
36
37    <application
38        android:name="android.app.Application"
38-->src/main/AndroidManifest.xml:5:9-42
39        android:appComponentFactory="androidx.core.app.CoreComponentFactory"
39-->[androidx.core:core:1.8.0] AndroidManifest.xml:24:18-86
40        android:icon="@mipmap/ic_launcher"
40-->src/main/AndroidManifest.xml:6:9-43
41        android:label="game_template" >
41-->src/main/AndroidManifest.xml:4:9-38
42        <activity
42-->src/main/AndroidManifest.xml:7:9-27:20
43            android:name="com.example.game_template.MainActivity"
43-->src/main/AndroidManifest.xml:8:13-41
44            android:configChanges="orientation|keyboardHidden|keyboard|screenSize|smallestScreenSize|locale|layoutDirection|fontScale|screenLayout|density|uiMode"
44-->src/main/AndroidManifest.xml:12:13-163
45            android:exported="true"
45-->src/main/AndroidManifest.xml:9:13-36
46            android:hardwareAccelerated="true"
46-->src/main/AndroidManifest.xml:13:13-47
47            android:launchMode="singleTop"
47-->src/main/AndroidManifest.xml:10:13-43
48            android:theme="@style/LaunchTheme"
48-->src/main/AndroidManifest.xml:11:13-47
49            android:windowSoftInputMode="adjustResize" >
49-->src/main/AndroidManifest.xml:14:13-55
50
51            <!--
52                 Specifies an Android theme to apply to this Activity as soon as
53                 the Android process has started. This theme is visible to the user
54                 while the Flutter UI initializes. After that, this theme continues
55                 to determine the Window background behind the Flutter UI.
56            -->
57            <meta-data
57-->src/main/AndroidManifest.xml:19:13-22:17
58                android:name="io.flutter.embedding.android.NormalTheme"
58-->src/main/AndroidManifest.xml:20:15-70
59                android:resource="@style/NormalTheme" />
59-->src/main/AndroidManifest.xml:21:15-52
60
61            <intent-filter>
61-->src/main/AndroidManifest.xml:23:13-26:29
62                <action android:name="android.intent.action.MAIN" />
62-->src/main/AndroidManifest.xml:24:17-68
62-->src/main/AndroidManifest.xml:24:25-66
63
64                <category android:name="android.intent.category.LAUNCHER" />
64-->src/main/AndroidManifest.xml:25:17-76
64-->src/main/AndroidManifest.xml:25:27-74
65            </intent-filter>
66        </activity>
67        <!-- Google Mobile Ads -->
68        <!--
69             TODO: Replace the sample AdMob app ID with an actual app ID.
70                   See README.txt for details.
71        -->
72        <meta-data
72-->src/main/AndroidManifest.xml:31:9-33:69
73            android:name="com.google.android.gms.ads.APPLICATION_ID"
73-->src/main/AndroidManifest.xml:32:13-69
74            android:value="ca-app-pub-3940256099942544~3347511713" />
74-->src/main/AndroidManifest.xml:33:13-67
75        <!-- Google Play Games -->
76        <!--
77            Warning: Never include the Play Games app_id directly here.
78                     It won't work. Use the XML file in res/values.
79        -->
80        <meta-data
80-->src/main/AndroidManifest.xml:37:8-39:45
81            android:name="com.google.android.gms.games.APP_ID"
81-->src/main/AndroidManifest.xml:38:12-62
82            android:value="@string/app_id" />
82-->src/main/AndroidManifest.xml:39:12-42
83        <meta-data
83-->src/main/AndroidManifest.xml:40:8-42:68
84            android:name="com.google.android.gms.version"
84-->src/main/AndroidManifest.xml:41:12-57
85            android:value="@integer/google_play_services_version" />
85-->src/main/AndroidManifest.xml:42:12-65
86        <!--
87             Don't delete the meta-data below.
88             This is used by the Flutter tool to generate GeneratedPluginRegistrant.java
89        -->
90        <meta-data
90-->src/main/AndroidManifest.xml:45:9-47:33
91            android:name="flutterEmbedding"
91-->src/main/AndroidManifest.xml:46:13-44
92            android:value="2" />
92-->src/main/AndroidManifest.xml:47:13-30
93
94        <service
94-->[:firebase_crashlytics] AndroidManifest.xml:10:9-14:19
95            android:name="com.google.firebase.components.ComponentDiscoveryService"
95-->[:firebase_crashlytics] AndroidManifest.xml:10:18-89
96            android:directBootAware="true"
96-->[com.google.firebase:firebase-common:20.2.0] AndroidManifest.xml:34:13-43
97            android:exported="false" >
97-->[com.google.firebase:firebase-crashlytics:18.3.2] AndroidManifest.xml:16:13-37
98            <meta-data
98-->[:firebase_crashlytics] AndroidManifest.xml:11:13-13:85
99                android:name="com.google.firebase.components:io.flutter.plugins.firebase.crashlytics.FlutterFirebaseAppRegistrar"
99-->[:firebase_crashlytics] AndroidManifest.xml:12:17-130
100                android:value="com.google.firebase.components.ComponentRegistrar" />
100-->[:firebase_crashlytics] AndroidManifest.xml:13:17-82
101            <meta-data
101-->[:firebase_core] AndroidManifest.xml:11:13-13:85
102                android:name="com.google.firebase.components:io.flutter.plugins.firebase.core.FlutterFirebaseCoreRegistrar"
102-->[:firebase_core] AndroidManifest.xml:12:17-124
103                android:value="com.google.firebase.components.ComponentRegistrar" />
103-->[:firebase_core] AndroidManifest.xml:13:17-82
104            <meta-data
104-->[com.google.firebase:firebase-crashlytics:18.3.2] AndroidManifest.xml:17:13-19:85
105                android:name="com.google.firebase.components:com.google.firebase.crashlytics.CrashlyticsRegistrar"
105-->[com.google.firebase:firebase-crashlytics:18.3.2] AndroidManifest.xml:18:17-115
106                android:value="com.google.firebase.components.ComponentRegistrar" />
106-->[com.google.firebase:firebase-crashlytics:18.3.2] AndroidManifest.xml:19:17-82
107            <meta-data
107-->[com.google.firebase:firebase-installations:17.1.0] AndroidManifest.xml:17:13-19:85
108                android:name="com.google.firebase.components:com.google.firebase.installations.FirebaseInstallationsRegistrar"
108-->[com.google.firebase:firebase-installations:17.1.0] AndroidManifest.xml:18:17-127
109                android:value="com.google.firebase.components.ComponentRegistrar" />
109-->[com.google.firebase:firebase-installations:17.1.0] AndroidManifest.xml:19:17-82
110        </service>
111
112        <meta-data
112-->[:google_mobile_ads] AndroidManifest.xml:12:9-14:36
113            android:name="io.flutter.embedded_views_preview"
113-->[:google_mobile_ads] AndroidManifest.xml:13:13-61
114            android:value="true" />
114-->[:google_mobile_ads] AndroidManifest.xml:14:13-33
115
116        <uses-library
116-->[androidx.window:window:1.0.0-beta04] AndroidManifest.xml:25:9-27:40
117            android:name="androidx.window.extensions"
117-->[androidx.window:window:1.0.0-beta04] AndroidManifest.xml:26:13-54
118            android:required="false" />
118-->[androidx.window:window:1.0.0-beta04] AndroidManifest.xml:27:13-37
119        <uses-library
119-->[androidx.window:window:1.0.0-beta04] AndroidManifest.xml:28:9-30:40
120            android:name="androidx.window.sidecar"
120-->[androidx.window:window:1.0.0-beta04] AndroidManifest.xml:29:13-51
121            android:required="false" />
121-->[androidx.window:window:1.0.0-beta04] AndroidManifest.xml:30:13-37
122
123        <provider
123-->[com.google.firebase:firebase-common:20.2.0] AndroidManifest.xml:25:9-30:39
124            android:name="com.google.firebase.provider.FirebaseInitProvider"
124-->[com.google.firebase:firebase-common:20.2.0] AndroidManifest.xml:26:13-77
125            android:authorities="com.example.game_template.firebaseinitprovider"
125-->[com.google.firebase:firebase-common:20.2.0] AndroidManifest.xml:27:13-72
126            android:directBootAware="true"
126-->[com.google.firebase:firebase-common:20.2.0] AndroidManifest.xml:28:13-43
127            android:exported="false"
127-->[com.google.firebase:firebase-common:20.2.0] AndroidManifest.xml:29:13-37
128            android:initOrder="100" />
128-->[com.google.firebase:firebase-common:20.2.0] AndroidManifest.xml:30:13-36
129
130        <activity
130-->[com.google.android.gms:play-services-auth:20.2.0] AndroidManifest.xml:23:9-27:75
131            android:name="com.google.android.gms.auth.api.signin.internal.SignInHubActivity"
131-->[com.google.android.gms:play-services-auth:20.2.0] AndroidManifest.xml:24:13-93
132            android:excludeFromRecents="true"
132-->[com.google.android.gms:play-services-auth:20.2.0] AndroidManifest.xml:25:13-46
133            android:exported="false"
133-->[com.google.android.gms:play-services-auth:20.2.0] AndroidManifest.xml:26:13-37
134            android:theme="@android:style/Theme.Translucent.NoTitleBar" />
134-->[com.google.android.gms:play-services-auth:20.2.0] AndroidManifest.xml:27:13-72
135        <!--
136            Service handling Google Sign-In user revocation. For apps that do not integrate with
137            Google Sign-In, this service will never be started.
138        -->
139        <service
139-->[com.google.android.gms:play-services-auth:20.2.0] AndroidManifest.xml:33:9-37:51
140            android:name="com.google.android.gms.auth.api.signin.RevocationBoundService"
140-->[com.google.android.gms:play-services-auth:20.2.0] AndroidManifest.xml:34:13-89
141            android:exported="true"
141-->[com.google.android.gms:play-services-auth:20.2.0] AndroidManifest.xml:35:13-36
142            android:permission="com.google.android.gms.auth.api.signin.permission.REVOCATION_NOTIFICATION"
142-->[com.google.android.gms:play-services-auth:20.2.0] AndroidManifest.xml:36:13-107
143            android:visibleToInstantApps="true" />
143-->[com.google.android.gms:play-services-auth:20.2.0] AndroidManifest.xml:37:13-48
144
145        <activity
145-->[com.google.android.gms:play-services-base:18.0.1] AndroidManifest.xml:20:9-22:45
146            android:name="com.google.android.gms.common.api.GoogleApiActivity"
146-->[com.google.android.gms:play-services-base:18.0.1] AndroidManifest.xml:20:19-85
147            android:exported="false"
147-->[com.google.android.gms:play-services-base:18.0.1] AndroidManifest.xml:22:19-43
148            android:theme="@android:style/Theme.Translucent.NoTitleBar" /> <!-- Include the AdActivity and InAppPurchaseActivity configChanges and themes. -->
148-->[com.google.android.gms:play-services-base:18.0.1] AndroidManifest.xml:21:19-78
149        <activity
149-->[com.google.android.gms:play-services-ads-lite:21.3.0] AndroidManifest.xml:49:9-53:64
150            android:name="com.google.android.gms.ads.AdActivity"
150-->[com.google.android.gms:play-services-ads-lite:21.3.0] AndroidManifest.xml:50:13-65
151            android:configChanges="keyboard|keyboardHidden|orientation|screenLayout|uiMode|screenSize|smallestScreenSize"
151-->[com.google.android.gms:play-services-ads-lite:21.3.0] AndroidManifest.xml:51:13-122
152            android:exported="false"
152-->[com.google.android.gms:play-services-ads-lite:21.3.0] AndroidManifest.xml:52:13-37
153            android:theme="@android:style/Theme.Translucent" />
153-->[com.google.android.gms:play-services-ads-lite:21.3.0] AndroidManifest.xml:53:13-61
154
155        <provider
155-->[com.google.android.gms:play-services-ads-lite:21.3.0] AndroidManifest.xml:55:9-59:39
156            android:name="com.google.android.gms.ads.MobileAdsInitProvider"
156-->[com.google.android.gms:play-services-ads-lite:21.3.0] AndroidManifest.xml:56:13-76
157            android:authorities="com.example.game_template.mobileadsinitprovider"
157-->[com.google.android.gms:play-services-ads-lite:21.3.0] AndroidManifest.xml:57:13-73
158            android:exported="false"
158-->[com.google.android.gms:play-services-ads-lite:21.3.0] AndroidManifest.xml:58:13-37
159            android:initOrder="100" />
159-->[com.google.android.gms:play-services-ads-lite:21.3.0] AndroidManifest.xml:59:13-36
160
161        <service
161-->[com.google.android.gms:play-services-ads-lite:21.3.0] AndroidManifest.xml:61:9-64:40
162            android:name="com.google.android.gms.ads.AdService"
162-->[com.google.android.gms:play-services-ads-lite:21.3.0] AndroidManifest.xml:62:13-64
163            android:enabled="true"
163-->[com.google.android.gms:play-services-ads-lite:21.3.0] AndroidManifest.xml:63:13-35
164            android:exported="false" />
164-->[com.google.android.gms:play-services-ads-lite:21.3.0] AndroidManifest.xml:64:13-37
165
166        <provider
166-->[androidx.work:work-runtime:2.7.0] AndroidManifest.xml:31:9-39:20
167            android:name="androidx.startup.InitializationProvider"
167-->[androidx.work:work-runtime:2.7.0] AndroidManifest.xml:32:13-67
168            android:authorities="com.example.game_template.androidx-startup"
168-->[androidx.work:work-runtime:2.7.0] AndroidManifest.xml:33:13-68
169            android:exported="false" >
169-->[androidx.work:work-runtime:2.7.0] AndroidManifest.xml:34:13-37
170            <meta-data
170-->[androidx.work:work-runtime:2.7.0] AndroidManifest.xml:36:13-38:52
171                android:name="androidx.work.WorkManagerInitializer"
171-->[androidx.work:work-runtime:2.7.0] AndroidManifest.xml:37:17-68
172                android:value="androidx.startup" />
172-->[androidx.work:work-runtime:2.7.0] AndroidManifest.xml:38:17-49
173        </provider>
174
175        <service
175-->[androidx.work:work-runtime:2.7.0] AndroidManifest.xml:41:9-46:35
176            android:name="androidx.work.impl.background.systemalarm.SystemAlarmService"
176-->[androidx.work:work-runtime:2.7.0] AndroidManifest.xml:42:13-88
177            android:directBootAware="false"
177-->[androidx.work:work-runtime:2.7.0] AndroidManifest.xml:43:13-44
178            android:enabled="@bool/enable_system_alarm_service_default"
178-->[androidx.work:work-runtime:2.7.0] AndroidManifest.xml:44:13-72
179            android:exported="false" />
179-->[androidx.work:work-runtime:2.7.0] AndroidManifest.xml:45:13-37
180        <service
180-->[androidx.work:work-runtime:2.7.0] AndroidManifest.xml:47:9-53:35
181            android:name="androidx.work.impl.background.systemjob.SystemJobService"
181-->[androidx.work:work-runtime:2.7.0] AndroidManifest.xml:48:13-84
182            android:directBootAware="false"
182-->[androidx.work:work-runtime:2.7.0] AndroidManifest.xml:49:13-44
183            android:enabled="@bool/enable_system_job_service_default"
183-->[androidx.work:work-runtime:2.7.0] AndroidManifest.xml:50:13-70
184            android:exported="true"
184-->[androidx.work:work-runtime:2.7.0] AndroidManifest.xml:51:13-36
185            android:permission="android.permission.BIND_JOB_SERVICE" />
185-->[androidx.work:work-runtime:2.7.0] AndroidManifest.xml:52:13-69
186        <service
186-->[androidx.work:work-runtime:2.7.0] AndroidManifest.xml:54:9-59:35
187            android:name="androidx.work.impl.foreground.SystemForegroundService"
187-->[androidx.work:work-runtime:2.7.0] AndroidManifest.xml:55:13-81
188            android:directBootAware="false"
188-->[androidx.work:work-runtime:2.7.0] AndroidManifest.xml:56:13-44
189            android:enabled="@bool/enable_system_foreground_service_default"
189-->[androidx.work:work-runtime:2.7.0] AndroidManifest.xml:57:13-77
190            android:exported="false" />
190-->[androidx.work:work-runtime:2.7.0] AndroidManifest.xml:58:13-37
191
192        <receiver
192-->[androidx.work:work-runtime:2.7.0] AndroidManifest.xml:61:9-66:35
193            android:name="androidx.work.impl.utils.ForceStopRunnable$BroadcastReceiver"
193-->[androidx.work:work-runtime:2.7.0] AndroidManifest.xml:62:13-88
194            android:directBootAware="false"
194-->[androidx.work:work-runtime:2.7.0] AndroidManifest.xml:63:13-44
195            android:enabled="true"
195-->[androidx.work:work-runtime:2.7.0] AndroidManifest.xml:64:13-35
196            android:exported="false" />
196-->[androidx.work:work-runtime:2.7.0] AndroidManifest.xml:65:13-37
197        <receiver
197-->[androidx.work:work-runtime:2.7.0] AndroidManifest.xml:67:9-77:20
198            android:name="androidx.work.impl.background.systemalarm.ConstraintProxy$BatteryChargingProxy"
198-->[androidx.work:work-runtime:2.7.0] AndroidManifest.xml:68:13-106
199            android:directBootAware="false"
199-->[androidx.work:work-runtime:2.7.0] AndroidManifest.xml:69:13-44
200            android:enabled="false"
200-->[androidx.work:work-runtime:2.7.0] AndroidManifest.xml:70:13-36
201            android:exported="false" >
201-->[androidx.work:work-runtime:2.7.0] AndroidManifest.xml:71:13-37
202            <intent-filter>
202-->[androidx.work:work-runtime:2.7.0] AndroidManifest.xml:73:13-76:29
203                <action android:name="android.intent.action.ACTION_POWER_CONNECTED" />
203-->[androidx.work:work-runtime:2.7.0] AndroidManifest.xml:74:17-87
203-->[androidx.work:work-runtime:2.7.0] AndroidManifest.xml:74:25-84
204                <action android:name="android.intent.action.ACTION_POWER_DISCONNECTED" />
204-->[androidx.work:work-runtime:2.7.0] AndroidManifest.xml:75:17-90
204-->[androidx.work:work-runtime:2.7.0] AndroidManifest.xml:75:25-87
205            </intent-filter>
206        </receiver>
207        <receiver
207-->[androidx.work:work-runtime:2.7.0] AndroidManifest.xml:78:9-88:20
208            android:name="androidx.work.impl.background.systemalarm.ConstraintProxy$BatteryNotLowProxy"
208-->[androidx.work:work-runtime:2.7.0] AndroidManifest.xml:79:13-104
209            android:directBootAware="false"
209-->[androidx.work:work-runtime:2.7.0] AndroidManifest.xml:80:13-44
210            android:enabled="false"
210-->[androidx.work:work-runtime:2.7.0] AndroidManifest.xml:81:13-36
211            android:exported="false" >
211-->[androidx.work:work-runtime:2.7.0] AndroidManifest.xml:82:13-37
212            <intent-filter>
212-->[androidx.work:work-runtime:2.7.0] AndroidManifest.xml:84:13-87:29
213                <action android:name="android.intent.action.BATTERY_OKAY" />
213-->[androidx.work:work-runtime:2.7.0] AndroidManifest.xml:85:17-77
213-->[androidx.work:work-runtime:2.7.0] AndroidManifest.xml:85:25-74
214                <action android:name="android.intent.action.BATTERY_LOW" />
214-->[androidx.work:work-runtime:2.7.0] AndroidManifest.xml:86:17-76
214-->[androidx.work:work-runtime:2.7.0] AndroidManifest.xml:86:25-73
215            </intent-filter>
216        </receiver>
217        <receiver
217-->[androidx.work:work-runtime:2.7.0] AndroidManifest.xml:89:9-99:20
218            android:name="androidx.work.impl.background.systemalarm.ConstraintProxy$StorageNotLowProxy"
218-->[androidx.work:work-runtime:2.7.0] AndroidManifest.xml:90:13-104
219            android:directBootAware="false"
219-->[androidx.work:work-runtime:2.7.0] AndroidManifest.xml:91:13-44
220            android:enabled="false"
220-->[androidx.work:work-runtime:2.7.0] AndroidManifest.xml:92:13-36
221            android:exported="false" >
221-->[androidx.work:work-runtime:2.7.0] AndroidManifest.xml:93:13-37
222            <intent-filter>
222-->[androidx.work:work-runtime:2.7.0] AndroidManifest.xml:95:13-98:29
223                <action android:name="android.intent.action.DEVICE_STORAGE_LOW" />
223-->[androidx.work:work-runtime:2.7.0] AndroidManifest.xml:96:17-83
223-->[androidx.work:work-runtime:2.7.0] AndroidManifest.xml:96:25-80
224                <action android:name="android.intent.action.DEVICE_STORAGE_OK" />
224-->[androidx.work:work-runtime:2.7.0] AndroidManifest.xml:97:17-82
224-->[androidx.work:work-runtime:2.7.0] AndroidManifest.xml:97:25-79
225            </intent-filter>
226        </receiver>
227        <receiver
227-->[androidx.work:work-runtime:2.7.0] AndroidManifest.xml:100:9-109:20
228            android:name="androidx.work.impl.background.systemalarm.ConstraintProxy$NetworkStateProxy"
228-->[androidx.work:work-runtime:2.7.0] AndroidManifest.xml:101:13-103
229            android:directBootAware="false"
229-->[androidx.work:work-runtime:2.7.0] AndroidManifest.xml:102:13-44
230            android:enabled="false"
230-->[androidx.work:work-runtime:2.7.0] AndroidManifest.xml:103:13-36
231            android:exported="false" >
231-->[androidx.work:work-runtime:2.7.0] AndroidManifest.xml:104:13-37
232            <intent-filter>
232-->[androidx.work:work-runtime:2.7.0] AndroidManifest.xml:106:13-108:29
233                <action android:name="android.net.conn.CONNECTIVITY_CHANGE" />
233-->[androidx.work:work-runtime:2.7.0] AndroidManifest.xml:107:17-79
233-->[androidx.work:work-runtime:2.7.0] AndroidManifest.xml:107:25-76
234            </intent-filter>
235        </receiver>
236        <receiver
236-->[androidx.work:work-runtime:2.7.0] AndroidManifest.xml:110:9-121:20
237            android:name="androidx.work.impl.background.systemalarm.RescheduleReceiver"
237-->[androidx.work:work-runtime:2.7.0] AndroidManifest.xml:111:13-88
238            android:directBootAware="false"
238-->[androidx.work:work-runtime:2.7.0] AndroidManifest.xml:112:13-44
239            android:enabled="false"
239-->[androidx.work:work-runtime:2.7.0] AndroidManifest.xml:113:13-36
240            android:exported="false" >
240-->[androidx.work:work-runtime:2.7.0] AndroidManifest.xml:114:13-37
241            <intent-filter>
241-->[androidx.work:work-runtime:2.7.0] AndroidManifest.xml:116:13-120:29
242                <action android:name="android.intent.action.BOOT_COMPLETED" />
242-->[androidx.work:work-runtime:2.7.0] AndroidManifest.xml:117:17-79
242-->[androidx.work:work-runtime:2.7.0] AndroidManifest.xml:117:25-76
243                <action android:name="android.intent.action.TIME_SET" />
243-->[androidx.work:work-runtime:2.7.0] AndroidManifest.xml:118:17-73
243-->[androidx.work:work-runtime:2.7.0] AndroidManifest.xml:118:25-70
244                <action android:name="android.intent.action.TIMEZONE_CHANGED" />
244-->[androidx.work:work-runtime:2.7.0] AndroidManifest.xml:119:17-81
244-->[androidx.work:work-runtime:2.7.0] AndroidManifest.xml:119:25-78
245            </intent-filter>
246        </receiver>
247        <receiver
247-->[androidx.work:work-runtime:2.7.0] AndroidManifest.xml:122:9-131:20
248            android:name="androidx.work.impl.background.systemalarm.ConstraintProxyUpdateReceiver"
248-->[androidx.work:work-runtime:2.7.0] AndroidManifest.xml:123:13-99
249            android:directBootAware="false"
249-->[androidx.work:work-runtime:2.7.0] AndroidManifest.xml:124:13-44
250            android:enabled="@bool/enable_system_alarm_service_default"
250-->[androidx.work:work-runtime:2.7.0] AndroidManifest.xml:125:13-72
251            android:exported="false" >
251-->[androidx.work:work-runtime:2.7.0] AndroidManifest.xml:126:13-37
252            <intent-filter>
252-->[androidx.work:work-runtime:2.7.0] AndroidManifest.xml:128:13-130:29
253                <action android:name="androidx.work.impl.background.systemalarm.UpdateProxies" />
253-->[androidx.work:work-runtime:2.7.0] AndroidManifest.xml:129:17-98
253-->[androidx.work:work-runtime:2.7.0] AndroidManifest.xml:129:25-95
254            </intent-filter>
255        </receiver>
256        <receiver
256-->[androidx.work:work-runtime:2.7.0] AndroidManifest.xml:132:9-142:20
257            android:name="androidx.work.impl.diagnostics.DiagnosticsReceiver"
257-->[androidx.work:work-runtime:2.7.0] AndroidManifest.xml:133:13-78
258            android:directBootAware="false"
258-->[androidx.work:work-runtime:2.7.0] AndroidManifest.xml:134:13-44
259            android:enabled="true"
259-->[androidx.work:work-runtime:2.7.0] AndroidManifest.xml:135:13-35
260            android:exported="true"
260-->[androidx.work:work-runtime:2.7.0] AndroidManifest.xml:136:13-36
261            android:permission="android.permission.DUMP" >
261-->[androidx.work:work-runtime:2.7.0] AndroidManifest.xml:137:13-57
262            <intent-filter>
262-->[androidx.work:work-runtime:2.7.0] AndroidManifest.xml:139:13-141:29
263                <action android:name="androidx.work.diagnostics.REQUEST_DIAGNOSTICS" />
263-->[androidx.work:work-runtime:2.7.0] AndroidManifest.xml:140:17-88
263-->[androidx.work:work-runtime:2.7.0] AndroidManifest.xml:140:25-85
264            </intent-filter>
265        </receiver>
266
267        <service
267-->[com.google.android.datatransport:transport-backend-cct:3.1.8] AndroidManifest.xml:28:9-34:19
268            android:name="com.google.android.datatransport.runtime.backends.TransportBackendDiscovery"
268-->[com.google.android.datatransport:transport-backend-cct:3.1.8] AndroidManifest.xml:29:13-103
269            android:exported="false" >
269-->[com.google.android.datatransport:transport-backend-cct:3.1.8] AndroidManifest.xml:30:13-37
270            <meta-data
270-->[com.google.android.datatransport:transport-backend-cct:3.1.8] AndroidManifest.xml:31:13-33:39
271                android:name="backend:com.google.android.datatransport.cct.CctBackendFactory"
271-->[com.google.android.datatransport:transport-backend-cct:3.1.8] AndroidManifest.xml:32:17-94
272                android:value="cct" />
272-->[com.google.android.datatransport:transport-backend-cct:3.1.8] AndroidManifest.xml:33:17-36
273        </service>
274        <service
274-->[com.google.android.datatransport:transport-runtime:3.1.8] AndroidManifest.xml:26:9-30:19
275            android:name="com.google.android.datatransport.runtime.scheduling.jobscheduling.JobInfoSchedulerService"
275-->[com.google.android.datatransport:transport-runtime:3.1.8] AndroidManifest.xml:27:13-117
276            android:exported="false"
276-->[com.google.android.datatransport:transport-runtime:3.1.8] AndroidManifest.xml:28:13-37
277            android:permission="android.permission.BIND_JOB_SERVICE" >
277-->[com.google.android.datatransport:transport-runtime:3.1.8] AndroidManifest.xml:29:13-69
278        </service>
279
280        <receiver
280-->[com.google.android.datatransport:transport-runtime:3.1.8] AndroidManifest.xml:32:9-34:40
281            android:name="com.google.android.datatransport.runtime.scheduling.jobscheduling.AlarmManagerSchedulerBroadcastReceiver"
281-->[com.google.android.datatransport:transport-runtime:3.1.8] AndroidManifest.xml:33:13-132
282            android:exported="false" />
282-->[com.google.android.datatransport:transport-runtime:3.1.8] AndroidManifest.xml:34:13-37
283
284        <provider